<?xml version="1.0" encoding="UTF-8"?>
<!-- Generated by org.testng.reporters.JUnitXMLReporter -->
<testsuite ignored="0" hostname="Kaushiks-MacBook-Pro.local" failures="1" tests="3" name="Login Page Test" time="51.684" errors="0" timestamp="2025-02-11T14:06:08 EST">
  <testcase classname="automationtesting.SeleniumFrameWorkDesign.ErrorValidationTest" name="LoginErrorValidation" time="3.05">
    <skipped/>
  </testcase> <!-- LoginErrorValidation -->
  <testcase classname="automationtesting.SeleniumFrameWorkDesign.ErrorValidationTest" name="LoginErrorValidation" time="1.872">
    <failure type="java.lang.AssertionError" message="expected:&amp;lt;Incorrect email password.&amp;gt; but was:&amp;lt;Incorrect email or password.&amp;gt;">
      <![CDATA[java.lang.AssertionError: expected:<Incorrect email password.> but was:<Incorrect email or password.>
at automationtesting.SeleniumFrameWorkDesign.ErrorValidationTest.LoginErrorValidation(ErrorValidationTest.java:25)
at java.base/java.util.ArrayList.forEach(ArrayList.java:1596)
at java.base/java.util.concurrent.FutureTask.run(FutureTask.java:317)
at java.base/java.util.concurrent.ThreadPoolExecutor.runWorker(ThreadPoolExecutor.java:1144)
at java.base/java.util.concurrent.ThreadPoolExecutor$Worker.run(ThreadPoolExecutor.java:642)
at java.base/java.lang.Thread.run(Thread.java:1583)
... Removed 17 stack frames]]>
    </failure>
  </testcase> <!-- LoginErrorValidation -->
  <testcase classname="automationtesting.SeleniumFrameWorkDesign.ErrorValidationTest" name="productErrorValidation" time="20.013"/>
</testsuite> <!-- Login Page Test -->
